003 Code/telemedicine_app/build/app/outputs/mapping/debug/seeds.txt
com.hanbat.telemedicine_app.MainActivity
com.hanbat.telemedicine_app.MainActivity: MainActivity()
...
io.flutter.plugin.platform.PlatformViewFactory: PlatformViewFactory(io.flutter.plugin.common.MessageCodec)
com.airbnb.lottie.model.content.ShapeStroke$LineCapType: com.airbnb.lottie.model.content.ShapeStroke$LineCapType valueOf(java.lang.String)
com.google.crypto.tink.proto.AesCtrParams: com.google.crypto.tink.shaded.protobuf.Parser PARSER
com.google.android.gms.internal.measurement.zzgd: java.lang.String zzE
com.pichillilorenzo.flutter_inappwebview.R$style: int Base_Widget_AppCompat_DrawerArrowToggle
com.google.android.gms.internal.measurement.zzgp: com.google.android.gms.internal.measurement.zzkm zzd
androidx.window.layout.SidecarCompat$TranslatingCallback: androidx.window.layout.SidecarCompat this$0
com.google.android.gms.measurement.internal.AppMeasurementDynamiteService: void performAction(android.os.Bundle,com.google.android.gms.internal.measurement.zzcf,long)
io.flutter.embedding.engine.systemchannels.TextInputChannel$TextCapitalization: io.flutter.embedding.engine.systemchannels.TextInputChannel$TextCapitalization[] values()
com.google.protobuf.Timestamp: int NANOS_FIELD_NUMBER
androidx.lifecycle.ReportFragment$LifecycleCallbacks: void registerIn(android.app.Activity)
com.pichillilorenzo.flutter_inappwebview.chrome_custom_tabs.ChromeSafariBrowserManager: java.util.Map shared
com.pichillilorenzo.flutter_inappwebview.headless_in_app_webview.HeadlessInAppWebView: io.flutter.plugin.common.MethodChannel channel
androidx.window.embedding.SplitPairRule: boolean equals(java.lang.Object)
kotlin.jvm.internal.CallableReference: java.lang.String signature
kotlin.jvm.internal.CallableReference: kotlin.reflect.KType getReturnType()
com.pichillilorenzo.flutter_inappwebview.Util: okhttp3.OkHttpClient getBasicOkHttpClient()
androidx.window.embedding.ExtensionEmbeddingBackend$Companion: boolean isExtensionVersionSupported(java.lang.Integer)
io.flutter.embedding.engine.FlutterJNI: long nativeAttach(io.flutter.embedding.engine.FlutterJNI)
com.pichillilorenzo.flutter_inappwebview.R$color: int secondary_text_default_material_dark
io.flutter.embedding.engine.FlutterJNI: boolean isAttached()
com.pichillilorenzo.flutter_inappwebview.in_app_webview.InAppWebView$6
com.google.crypto.tink.proto.AesCtrHmacAeadKey: com.google.crypto.tink.proto.HmacKey hmacKey_
com.google.crypto.tink.proto.ChaCha20Poly1305Key: com.google.crypto.tink.shaded.protobuf.ByteString keyValue_
com.google.firestore.v1.DocumentTransform$FieldTransform: int INCREMENT_FIELD_NUMBER
androidx.window.core.ExperimentalWindowApi
com.google.android.gms.internal.measurement.zzfz: int zzd
com.google.firestore.v1.ListenResponse: int DOCUMENT_CHANGE_FIELD_NUMBER
io.flutter.view.AccessibilityViewEmbedder: void copyAccessibilityFields(android.view.accessibility.AccessibilityNodeInfo,android.view.accessibility.AccessibilityNodeInfo)
com.google.firebase.firestore.FirestoreRegistrar: FirestoreRegistrar()
com.pichillilorenzo.flutter_inappwebview.R$id: int menu_search
com.google.firestore.v1.DocumentRemove: java.lang.String document_
com.pichillilorenzo.flutter_inappwebview.in_app_webview.InAppWebViewOptions: java.lang.Boolean useShouldInterceptRequest
com.pichillilorenzo.flutter_inappwebview.content_blocker.ContentBlockerTrigger: java.util.regex.Pattern getUrlFilterPatternCompiled()
com.pichillilorenzo.flutter_inappwebview.R$style: int Base_TextAppearance_AppCompat_SearchResult_Title
com.google.crypto.tink.proto.KmsEnvelopeAeadKey: int PARAMS_FIELD_NUMBER
com.google.firestore.v1.WriteResponse: int WRITE_RESULTS_FIELD_NUMBER
com.pichillilorenzo.flutter_inappwebview.R$attr: int listPreferredItemHeight
com.pichillilorenzo.flutter_inappwebview.R$styleable: int MenuItem_actionProviderClass
com.google.firestore.v1.DocumentTransform$FieldTransform: java.lang.String fieldPath_
androidx.activity.ComponentActivity: java.util.concurrent.CopyOnWriteArrayList mOnTrimMemoryListeners
com.pichillilorenzo.flutter_inappwebview.in_app_webview.InAppWebViewOptions: java.lang.Integer initialScale