003 Code/telemedicine_app/build/app/outputs/mapping/debug/usage.txt
com.hanbat.telemedicine_app.R$raw
com.hanbat.telemedicine_app.R$attr
com.hanbat.telemedicine_app.R$bool
com.hanbat.telemedicine_app.R$menu
com.hanbat.telemedicine_app.R$mipmap
com.hanbat.telemedicine_app.R$animator
com.hanbat.telemedicine_app.R$string
com.hanbat.telemedicine_app.R$styleable
com.hanbat.telemedicine_app.R$style
com.hanbat.telemedicine_app.R$interpolator
com.hanbat.telemedicine_app.R$integer
com.hanbat.telemedicine_app.R$anim
com.hanbat.telemedicine_app.R$color
com.hanbat.telemedicine_app.R$drawable
com.hanbat.telemedicine_app.R$dimen
com.hanbat.telemedicine_app.R$id
com.hanbat.telemedicine_app.R$layout
com.hanbat.telemedicine_app.R
com.hanbat.telemedicine_app.BuildConfig
com.hanbat.telemedicine_app.R$xml
...
android.support.v4.media.MediaBrowserCompat$MediaItem$Flags
kotlinx.coroutines.Job:
    public abstract boolean isCompleted()
    public abstract boolean isCancelled()
    public synthetic abstract void cancel()
    public synthetic abstract boolean cancel(java.lang.Throwable)
    public abstract kotlin.sequences.Sequence getChildren()
    public abstract java.lang.Object join(kotlin.coroutines.Continuation)
    public abstract kotlinx.coroutines.selects.SelectClause0 getOnJoin()
    public abstract kotlinx.coroutines.DisposableHandle invokeOnCompletion(kotlin.jvm.functions.Function1)
    public abstract kotlinx.coroutines.Job plus(kotlinx.coroutines.Job)
androidx.core.view.ViewCompat$Api28Impl:
    private void <init>()
com.google.common.util.concurrent.CycleDetectingLockFactory$Policies$3
com.yoonjaepark.flutter_naver_login.FlutterNaverLoginPlugin$refreshAccessTokenWithRefreshToken$mOAuthLoginHnadler$1$onFailure$1:
    public bridge java.lang.String remove(java.lang.String)
    public final bridge java.lang.String remove(java.lang.Object)
    public bridge java.lang.String get(java.lang.String)
    public final bridge java.lang.String get(java.lang.Object)
    public bridge java.lang.String getOrDefault(java.lang.String,java.lang.String)
    public final bridge java.lang.String getOrDefault(java.lang.Object,java.lang.String)
com.google.firestore.v1.StructuredQuery$Direction:
    public static com.google.firestore.v1.StructuredQuery$Direction valueOf(int)
    public static com.google.protobuf.Internal$EnumLiteMap internalGetValueMap()
    public static com.google.protobuf.Internal$EnumVerifier internalGetVerifier()
    public static final int DIRECTION_UNSPECIFIED_VALUE
    public static final int ASCENDING_VALUE
    public static final int DESCENDING_VALUE
com.airbnb.lottie.LottieDrawable$12
kotlin.text.CharCategory$Companion
com.google.common.eventbus.EventBus$LoggingHandler
com.google.android.gms.auth.api.identity.zbo
kotlinx.coroutines.flow.FlowKt__TransformKt$filter$$inlined$unsafeTransform$1$2$1
com.google.crypto.tink.proto.RsaSsaPkcs1KeyFormat
io.grpc.okhttp.internal.framed.Http2$Writer:
    public synchronized void synReply(boolean,int,java.util.List)
    public synchronized void headers(int,java.util.List)
    public synchronized void pushPromise(int,int,java.util.List)
com.google.common.collect.Maps$IteratorBasedAbstractMap
kotlin.collections.AbstractMap$Companion
com.airbnb.lottie.animation.keyframe.package-info
com.google.android.gms.internal.stats.zzf
com.google.common.util.concurrent.ParametricNullness
kotlin.jvm.internal.unsafe.MonitorKt
okhttp3.RequestBody$Companion:
    public static synthetic okhttp3.RequestBody create$default(okhttp3.RequestBody$Companion,java.lang.String,okhttp3.MediaType,int,java.lang.Object)
    public static synthetic okhttp3.RequestBody create$default(okhttp3.RequestBody$Companion,okio.ByteString,okhttp3.MediaType,int,java.lang.Object)
    public static synthetic okhttp3.RequestBody create$default(okhttp3.RequestBody$Companion,java.io.File,okhttp3.MediaType,int,java.lang.Object)
    public final okhttp3.RequestBody create(java.lang.String,okhttp3.MediaType)
    public final okhttp3.RequestBody create(byte[],okhttp3.MediaType,int)
    public final okhttp3.RequestBody create(byte[],okhttp3.MediaType)
    public final okhttp3.RequestBody create(byte[])
    public final okhttp3.RequestBody create(java.io.File,okhttp3.MediaType)
    public final okhttp3.RequestBody create(okhttp3.MediaType,java.lang.String)
    public final okhttp3.RequestBody create(okhttp3.MediaType,byte[],int)
    public final okhttp3.RequestBody create(okhttp3.MediaType,byte[])
    public final okhttp3.RequestBody create(okhttp3.MediaType,java.io.File)
com.google.crypto.tink.shaded.protobuf.LazyStringArrayList$ByteArrayListView
com.google.common.base.CharMatcher$Invisible
com.squareup.moshi.JsonAdapter$Factory
com.google.common.cache.LocalCache$EntryFactory$7
com.google.apphosting.datastore.testing.DatastoreTestTrace